<?xml version="1.0" encoding="UTF-8"?>
<!-- Generated by org.testng.reporters.JUnitReportReporter -->
<testsuite hostname="Qaiss-MacBook-Air.local" failures="0" tests="3" name="piit.Automationtarningprogram.browsers$TestngTest" time="16.003" errors="0" timestamp="2022-05-04T21:01:22 EDT" skipped="0">
  <testcase classname="piit.Automationtarningprogram.browsers$TestngTest" name="searchEntryTest" time="8.826"/>
  <system-out/>
  <testcase classname="piit.Automationtarningprogram.browsers$TestngTest" name="TitleofThePageTest" time="3.286"/>
  <system-out/>
  <testcase classname="piit.Automationtarningprogram.browsers$TestngTest" name="searchFieldTest" time="3.891"/>
  <system-out/>
</testsuite> <!-- piit.Automationtarningprogram.browsers$TestngTest -->
