<?xml version="1.0" encoding="UTF-8"?>
<!-- Generated by org.testng.reporters.JUnitReportReporter -->
<testsuite hostname="Qaiss-MacBook-Air.local" failures="0" tests="3" name="piit.Automationtarningprogram.TestngTest" time="28.925" errors="0" timestamp="2022-05-04T19:57:57 EDT" skipped="0">
  <testcase classname="piit.Automationtarningprogram.TestngTest" name="searchEntryTest" time="5.366"/>
  <system-out/>
  <testcase classname="piit.Automationtarningprogram.TestngTest" name="TitleofThePageTest" time="20.140"/>
  <system-out/>
  <testcase classname="piit.Automationtarningprogram.TestngTest" name="searchFieldTest" time="3.419"/>
  <system-out/>
</testsuite> <!-- piit.Automationtarningprogram.TestngTest -->
